/u/k/a/karu//courses/cs552/spring2013/handouts/testprograms/public/inst_tests/add_0.asm SUCCESS CPI:6.3 CYCLES:57 ICOUNT:9 IHITRATE: 13.0 DHITRATE: 0
/u/k/a/karu//courses/cs552/spring2013/handouts/testprograms/public/inst_tests/add_1.asm SUCCESS CPI:6.2 CYCLES:25 ICOUNT:4 IHITRATE: 13.6 DHITRATE: 0
/u/k/a/karu//courses/cs552/spring2013/handouts/testprograms/public/inst_tests/add_2.asm SUCCESS CPI:6.2 CYCLES:25 ICOUNT:4 IHITRATE: 13.6 DHITRATE: 0
/u/k/a/karu//courses/cs552/spring2013/handouts/testprograms/public/inst_tests/addi_0.asm SUCCESS CPI:7.6 CYCLES:23 ICOUNT:3 IHITRATE: 15.0 DHITRATE: 0
/u/k/a/karu//courses/cs552/spring2013/handouts/testprograms/public/inst_tests/addi_1.asm SUCCESS CPI:7.6 CYCLES:23 ICOUNT:3 IHITRATE: 15.0 DHITRATE: 0
/u/k/a/karu//courses/cs552/spring2013/handouts/testprograms/public/inst_tests/addi_2.asm SUCCESS CPI:7.6 CYCLES:23 ICOUNT:3 IHITRATE: 15.0 DHITRATE: 0
/u/k/a/karu//courses/cs552/spring2013/handouts/testprograms/public/inst_tests/addi_3.asm SUCCESS CPI:6.2 CYCLES:25 ICOUNT:4 IHITRATE: 13.6 DHITRATE: 0
/u/k/a/karu//courses/cs552/spring2013/handouts/testprograms/public/inst_tests/andn_0.asm SUCCESS CPI:6.7 CYCLES:40 ICOUNT:6 IHITRATE: 13.5 DHITRATE: 0
/u/k/a/karu//courses/cs552/spring2013/handouts/testprograms/public/inst_tests/andn_1.asm SUCCESS CPI:6.7 CYCLES:40 ICOUNT:6 IHITRATE: 13.5 DHITRATE: 0
/u/k/a/karu//courses/cs552/spring2013/handouts/testprograms/public/inst_tests/andn_2.asm SUCCESS CPI:7.6 CYCLES:23 ICOUNT:3 IHITRATE: 15.0 DHITRATE: 0
/u/k/a/karu//courses/cs552/spring2013/handouts/testprograms/public/inst_tests/andni_0.asm SUCCESS CPI:7.6 CYCLES:23 ICOUNT:3 IHITRATE: 15.0 DHITRATE: 0
/u/k/a/karu//courses/cs552/spring2013/handouts/testprograms/public/inst_tests/andni_1.asm SUCCESS CPI:7.6 CYCLES:23 ICOUNT:3 IHITRATE: 15.0 DHITRATE: 0
/u/k/a/karu//courses/cs552/spring2013/handouts/testprograms/public/inst_tests/andni_2.asm SUCCESS CPI:7.6 CYCLES:23 ICOUNT:3 IHITRATE: 15.0 DHITRATE: 0
/u/k/a/karu//courses/cs552/spring2013/handouts/testprograms/public/inst_tests/andni_3.asm SUCCESS CPI:7.6 CYCLES:23 ICOUNT:3 IHITRATE: 15.0 DHITRATE: 0
/u/k/a/karu//courses/cs552/spring2013/handouts/testprograms/public/inst_tests/andni_4.asm SUCCESS CPI:7.6 CYCLES:23 ICOUNT:3 IHITRATE: 15.0 DHITRATE: 0
/u/k/a/karu//courses/cs552/spring2013/handouts/testprograms/public/inst_tests/beqz_0.asm SUCCESS CPI:7.6 CYCLES:76 ICOUNT:10 IHITRATE: 13.7 DHITRATE: 0
/u/k/a/karu//courses/cs552/spring2013/handouts/testprograms/public/inst_tests/bltz_0.asm SUCCESS CPI:12.6 CYCLES:38 ICOUNT:3 IHITRATE: 11.4 DHITRATE: 0
/u/k/a/karu//courses/cs552/spring2013/handouts/testprograms/public/inst_tests/bltz_1.asm SUCCESS CPI:9.5 CYCLES:38 ICOUNT:4 IHITRATE: 11.4 DHITRATE: 0
/u/k/a/karu//courses/cs552/spring2013/handouts/testprograms/public/inst_tests/bltz_2.asm SUCCESS CPI:9.5 CYCLES:38 ICOUNT:4 IHITRATE: 11.4 DHITRATE: 0
/u/k/a/karu//courses/cs552/spring2013/handouts/testprograms/public/inst_tests/bltz_3.asm SUCCESS CPI:14.0 CYCLES:42 ICOUNT:3 IHITRATE: 15.4 DHITRATE: 0
/u/k/a/karu//courses/cs552/spring2013/handouts/testprograms/public/inst_tests/bnez_0.asm SUCCESS CPI:11.4 CYCLES:23 ICOUNT:2 IHITRATE: 15.0 DHITRATE: 0
/u/k/a/karu//courses/cs552/spring2013/handouts/testprograms/public/inst_tests/bnez_2.asm SUCCESS CPI:12.4 CYCLES:25 ICOUNT:2 IHITRATE: 18.2 DHITRATE: 0
/u/k/a/karu//courses/cs552/spring2013/handouts/testprograms/public/inst_tests/bnez_3.asm SUCCESS CPI:17.9 CYCLES:36 ICOUNT:2 IHITRATE: 9.1 DHITRATE: 0
/u/k/a/karu//courses/cs552/spring2013/handouts/testprograms/public/inst_tests/bnez_4.asm SUCCESS CPI:17.9 CYCLES:36 ICOUNT:2 IHITRATE: 9.1 DHITRATE: 0
/u/k/a/karu//courses/cs552/spring2013/handouts/testprograms/public/inst_tests/bnez_5.asm SUCCESS CPI:12.6 CYCLES:38 ICOUNT:3 IHITRATE: 11.4 DHITRATE: 0
/u/k/a/karu//courses/cs552/spring2013/handouts/testprograms/public/inst_tests/bnez_6.asm SUCCESS CPI:12.6 CYCLES:38 ICOUNT:3 IHITRATE: 11.4 DHITRATE: 0
/u/k/a/karu//courses/cs552/spring2013/handouts/testprograms/public/inst_tests/btr_0.asm SUCCESS CPI:6.2 CYCLES:25 ICOUNT:4 IHITRATE: 13.6 DHITRATE: 0
/u/k/a/karu//courses/cs552/spring2013/handouts/testprograms/public/inst_tests/btr_1.asm SUCCESS CPI:6.2 CYCLES:25 ICOUNT:4 IHITRATE: 13.6 DHITRATE: 0
/u/k/a/karu//courses/cs552/spring2013/handouts/testprograms/public/inst_tests/btr_2.asm SUCCESS CPI:6.2 CYCLES:25 ICOUNT:4 IHITRATE: 13.6 DHITRATE: 0
/u/k/a/karu//courses/cs552/spring2013/handouts/testprograms/public/inst_tests/btr_3.asm SUCCESS CPI:6.2 CYCLES:25 ICOUNT:4 IHITRATE: 13.6 DHITRATE: 0
/u/k/a/karu//courses/cs552/spring2013/handouts/testprograms/public/inst_tests/btr_4.asm SUCCESS CPI:6.2 CYCLES:25 ICOUNT:4 IHITRATE: 13.6 DHITRATE: 0
/u/k/a/karu//courses/cs552/spring2013/handouts/testprograms/public/inst_tests/btr_5.asm SUCCESS CPI:6.2 CYCLES:25 ICOUNT:4 IHITRATE: 13.6 DHITRATE: 0
/u/k/a/karu//courses/cs552/spring2013/handouts/testprograms/public/inst_tests/btr_6.asm SUCCESS CPI:6.2 CYCLES:25 ICOUNT:4 IHITRATE: 13.6 DHITRATE: 0
/u/k/a/karu//courses/cs552/spring2013/handouts/testprograms/public/inst_tests/btr_7.asm SUCCESS CPI:6.2 CYCLES:25 ICOUNT:4 IHITRATE: 13.6 DHITRATE: 0
/u/k/a/karu//courses/cs552/spring2013/handouts/testprograms/public/inst_tests/btr_8.asm SUCCESS CPI:6.2 CYCLES:25 ICOUNT:4 IHITRATE: 13.6 DHITRATE: 0
/u/k/a/karu//courses/cs552/spring2013/handouts/testprograms/public/inst_tests/j_0.asm SUCCESS CPI:11.0 CYCLES:44 ICOUNT:4 IHITRATE: 17.1 DHITRATE: 0
/u/k/a/karu//courses/cs552/spring2013/handouts/testprograms/public/inst_tests/j_1.asm SUCCESS CPI:11.0 CYCLES:44 ICOUNT:4 IHITRATE: 17.1 DHITRATE: 0
/u/k/a/karu//courses/cs552/spring2013/handouts/testprograms/public/inst_tests/j_2.asm SUCCESS CPI:12.4 CYCLES:25 ICOUNT:2 IHITRATE: 18.2 DHITRATE: 0
/u/k/a/karu//courses/cs552/spring2013/handouts/testprograms/public/inst_tests/j_3.asm SUCCESS CPI:22.8 CYCLES:23 ICOUNT:1 IHITRATE: 15.0 DHITRATE: 0
/u/k/a/karu//courses/cs552/spring2013/handouts/testprograms/public/inst_tests/j_4.asm SUCCESS CPI:14.4 CYCLES:72 ICOUNT:5 IHITRATE: 11.6 DHITRATE: 0
/u/k/a/karu//courses/cs552/spring2013/handouts/testprograms/public/inst_tests/jal_0.asm SUCCESS CPI:12.4 CYCLES:25 ICOUNT:2 IHITRATE: 13.6 DHITRATE: 0
/u/k/a/karu//courses/cs552/spring2013/handouts/testprograms/public/inst_tests/jal_1.asm SUCCESS CPI:18.3 CYCLES:55 ICOUNT:3 IHITRATE: 11.5 DHITRATE: 0
/u/k/a/karu//courses/cs552/spring2013/handouts/testprograms/public/inst_tests/jal_10.asm SUCCESS CPI:16.9 CYCLES:34 ICOUNT:2 IHITRATE: 3.2 DHITRATE: 0
/u/k/a/karu//courses/cs552/spring2013/handouts/testprograms/public/inst_tests/jal_11.asm SUCCESS CPI:7.3 CYCLES:44 ICOUNT:6 IHITRATE: 17.1 DHITRATE: 0
/u/k/a/karu//courses/cs552/spring2013/handouts/testprograms/public/inst_tests/jal_12.asm SUCCESS CPI:10.0 CYCLES:40 ICOUNT:4 IHITRATE: 13.5 DHITRATE: 0
/u/k/a/karu//courses/cs552/spring2013/handouts/testprograms/public/inst_tests/jal_15.asm SUCCESS CPI:11.4 CYCLES:23 ICOUNT:2 IHITRATE: 15.0 DHITRATE: 0
/u/k/a/karu//courses/cs552/spring2013/handouts/testprograms/public/inst_tests/jal_16.asm SUCCESS CPI:16.9 CYCLES:34 ICOUNT:2 IHITRATE: 6.5 DHITRATE: 0
/u/k/a/karu//courses/cs552/spring2013/handouts/testprograms/public/inst_tests/jal_17.asm SUCCESS CPI:12.0 CYCLES:36 ICOUNT:3 IHITRATE: 9.1 DHITRATE: 0
/u/k/a/karu//courses/cs552/spring2013/handouts/testprograms/public/inst_tests/jal_19.asm SUCCESS CPI:7.0 CYCLES:42 ICOUNT:6 IHITRATE: 15.4 DHITRATE: 0
/u/k/a/karu//courses/cs552/spring2013/handouts/testprograms/public/inst_tests/jal_2.asm SUCCESS CPI:12.4 CYCLES:25 ICOUNT:2 IHITRATE: 18.2 DHITRATE: 0
/u/k/a/karu//courses/cs552/spring2013/handouts/testprograms/public/inst_tests/jal_22.asm SUCCESS CPI:11.4 CYCLES:23 ICOUNT:2 IHITRATE: 15.0 DHITRATE: 0
/u/k/a/karu//courses/cs552/spring2013/handouts/testprograms/public/inst_tests/jal_24.asm SUCCESS CPI:16.9 CYCLES:34 ICOUNT:2 IHITRATE: 6.5 DHITRATE: 0
/u/k/a/karu//courses/cs552/spring2013/handouts/testprograms/public/inst_tests/jal_25.asm SUCCESS CPI:16.9 CYCLES:34 ICOUNT:2 IHITRATE: 3.2 DHITRATE: 0
/u/k/a/karu//courses/cs552/spring2013/handouts/testprograms/public/inst_tests/jal_26.asm SUCCESS CPI:10.5 CYCLES:63 ICOUNT:6 IHITRATE: 16.7 DHITRATE: 0
/u/k/a/karu//courses/cs552/spring2013/handouts/testprograms/public/inst_tests/jal_27.asm SUCCESS CPI:8.4 CYCLES:42 ICOUNT:5 IHITRATE: 15.4 DHITRATE: 0
/u/k/a/karu//courses/cs552/spring2013/handouts/testprograms/public/inst_tests/jal_28.asm SUCCESS CPI:11.4 CYCLES:23 ICOUNT:2 IHITRATE: 15.0 DHITRATE: 0
/u/k/a/karu//courses/cs552/spring2013/handouts/testprograms/public/inst_tests/jal_29.asm SUCCESS CPI:11.4 CYCLES:23 ICOUNT:2 IHITRATE: 10.0 DHITRATE: 0
/u/k/a/karu//courses/cs552/spring2013/handouts/testprograms/public/inst_tests/jal_3.asm SUCCESS CPI:8.3 CYCLES:25 ICOUNT:3 IHITRATE: 13.6 DHITRATE: 0
/u/k/a/karu//courses/cs552/spring2013/handouts/testprograms/public/inst_tests/jal_30.asm SUCCESS CPI:10.3 CYCLES:72 ICOUNT:7 IHITRATE: 11.6 DHITRATE: 0
/u/k/a/karu//courses/cs552/spring2013/handouts/testprograms/public/inst_tests/jal_31.asm SUCCESS CPI:12.7 CYCLES:51 ICOUNT:4 IHITRATE: 8.3 DHITRATE: 0
/u/k/a/karu//courses/cs552/spring2013/handouts/testprograms/public/inst_tests/jal_32.asm SUCCESS CPI:16.9 CYCLES:34 ICOUNT:2 IHITRATE: 6.5 DHITRATE: 0
/u/k/a/karu//courses/cs552/spring2013/handouts/testprograms/public/inst_tests/jal_33.asm SUCCESS CPI:16.9 CYCLES:34 ICOUNT:2 IHITRATE: 6.5 DHITRATE: 0
/u/k/a/karu//courses/cs552/spring2013/handouts/testprograms/public/inst_tests/jal_35.asm SUCCESS CPI:8.0 CYCLES:40 ICOUNT:5 IHITRATE: 13.5 DHITRATE: 0
/u/k/a/karu//courses/cs552/spring2013/handouts/testprograms/public/inst_tests/jal_36.asm SUCCESS CPI:6.2 CYCLES:50 ICOUNT:8 IHITRATE: 19.1 DHITRATE: 0
/u/k/a/karu//courses/cs552/spring2013/handouts/testprograms/public/inst_tests/jal_4.asm SUCCESS CPI:9.5 CYCLES:38 ICOUNT:4 IHITRATE: 11.4 DHITRATE: 0
/u/k/a/karu//courses/cs552/spring2013/handouts/testprograms/public/inst_tests/jal_5.asm SUCCESS CPI:9.6 CYCLES:48 ICOUNT:5 IHITRATE: 20.0 DHITRATE: 0
/u/k/a/karu//courses/cs552/spring2013/handouts/testprograms/public/inst_tests/jal_6.asm SUCCESS CPI:8.4 CYCLES:42 ICOUNT:5 IHITRATE: 15.4 DHITRATE: 0
/u/k/a/karu//courses/cs552/spring2013/handouts/testprograms/public/inst_tests/jal_8.asm SUCCESS CPI:8.3 CYCLES:25 ICOUNT:3 IHITRATE: 18.2 DHITRATE: 0
/u/k/a/karu//courses/cs552/spring2013/handouts/testprograms/public/inst_tests/jalr_0.asm SUCCESS CPI:18.3 CYCLES:55 ICOUNT:3 IHITRATE: 11.5 DHITRATE: 0
/u/k/a/karu//courses/cs552/spring2013/handouts/testprograms/public/inst_tests/jalr_1.asm SUCCESS CPI:14.0 CYCLES:42 ICOUNT:3 IHITRATE: 12.8 DHITRATE: 0
/u/k/a/karu//courses/cs552/spring2013/handouts/testprograms/public/inst_tests/jalr_11.asm SUCCESS CPI:7.4 CYCLES:59 ICOUNT:8 IHITRATE: 14.3 DHITRATE: 0
/u/k/a/karu//courses/cs552/spring2013/handouts/testprograms/public/inst_tests/jalr_12.asm SUCCESS CPI:10.5 CYCLES:42 ICOUNT:4 IHITRATE: 15.4 DHITRATE: 0
/u/k/a/karu//courses/cs552/spring2013/handouts/testprograms/public/inst_tests/jalr_13.asm SUCCESS CPI:10.5 CYCLES:42 ICOUNT:4 IHITRATE: 15.4 DHITRATE: 0
/u/k/a/karu//courses/cs552/spring2013/handouts/testprograms/public/inst_tests/jalr_14.asm SUCCESS CPI:10.5 CYCLES:42 ICOUNT:4 IHITRATE: 15.4 DHITRATE: 0
/u/k/a/karu//courses/cs552/spring2013/handouts/testprograms/public/inst_tests/jalr_15.asm SUCCESS CPI:10.0 CYCLES:40 ICOUNT:4 IHITRATE: 13.5 DHITRATE: 0
/u/k/a/karu//courses/cs552/spring2013/handouts/testprograms/public/inst_tests/jalr_16.asm SUCCESS CPI:10.0 CYCLES:40 ICOUNT:4 IHITRATE: 13.5 DHITRATE: 0
/u/k/a/karu//courses/cs552/spring2013/handouts/testprograms/public/inst_tests/jalr_17.asm SUCCESS CPI:6.9 CYCLES:55 ICOUNT:8 IHITRATE: 11.5 DHITRATE: 0
/u/k/a/karu//courses/cs552/spring2013/handouts/testprograms/public/inst_tests/jalr_18.asm SUCCESS CPI:8.0 CYCLES:40 ICOUNT:5 IHITRATE: 13.5 DHITRATE: 0
/u/k/a/karu//courses/cs552/spring2013/handouts/testprograms/public/inst_tests/jalr_19.asm SUCCESS CPI:7.1 CYCLES:57 ICOUNT:8 IHITRATE: 13.0 DHITRATE: 0
/u/k/a/karu//courses/cs552/spring2013/handouts/testprograms/public/inst_tests/jalr_2.asm SUCCESS CPI:17.6 CYCLES:53 ICOUNT:3 IHITRATE: 10.0 DHITRATE: 0
/u/k/a/karu//courses/cs552/spring2013/handouts/testprograms/public/inst_tests/jalr_27.asm SUCCESS CPI:10.1 CYCLES:91 ICOUNT:9 IHITRATE: 12.5 DHITRATE: 0
/u/k/a/karu//courses/cs552/spring2013/handouts/testprograms/public/inst_tests/jalr_28.asm SUCCESS CPI:10.2 CYCLES:51 ICOUNT:5 IHITRATE: 8.3 DHITRATE: 0
/u/k/a/karu//courses/cs552/spring2013/handouts/testprograms/public/inst_tests/jalr_29.asm SUCCESS CPI:8.3 CYCLES:25 ICOUNT:3 IHITRATE: 18.2 DHITRATE: 0
/u/k/a/karu//courses/cs552/spring2013/handouts/testprograms/public/inst_tests/jalr_3.asm SUCCESS CPI:20.2 CYCLES:81 ICOUNT:4 IHITRATE: 7.7 DHITRATE: 0
/u/k/a/karu//courses/cs552/spring2013/handouts/testprograms/public/inst_tests/jalr_30.asm SUCCESS CPI:12.0 CYCLES:36 ICOUNT:3 IHITRATE: 9.1 DHITRATE: 0
/u/k/a/karu//courses/cs552/spring2013/handouts/testprograms/public/inst_tests/jalr_31.asm SUCCESS CPI:7.0 CYCLES:56 ICOUNT:8 IHITRATE: 24.5 DHITRATE: 0
/u/k/a/karu//courses/cs552/spring2013/handouts/testprograms/public/inst_tests/jalr_32.asm SUCCESS CPI:9.2 CYCLES:55 ICOUNT:6 IHITRATE: 11.5 DHITRATE: 0
/u/k/a/karu//courses/cs552/spring2013/handouts/testprograms/public/inst_tests/jalr_33.asm SUCCESS CPI:12.0 CYCLES:36 ICOUNT:3 IHITRATE: 6.1 DHITRATE: 0
/u/k/a/karu//courses/cs552/spring2013/handouts/testprograms/public/inst_tests/jalr_34.asm SUCCESS CPI:12.0 CYCLES:36 ICOUNT:3 IHITRATE: 9.1 DHITRATE: 0
/u/k/a/karu//courses/cs552/spring2013/handouts/testprograms/public/inst_tests/jalr_36.asm SUCCESS CPI:12.0 CYCLES:36 ICOUNT:3 IHITRATE: 9.1 DHITRATE: 0
/u/k/a/karu//courses/cs552/spring2013/handouts/testprograms/public/inst_tests/jalr_4.asm SUCCESS CPI:9.0 CYCLES:63 ICOUNT:7 IHITRATE: 16.7 DHITRATE: 0
/u/k/a/karu//courses/cs552/spring2013/handouts/testprograms/public/inst_tests/jalr_5.asm SUCCESS CPI:9.2 CYCLES:46 ICOUNT:5 IHITRATE: 18.6 DHITRATE: 0
/u/k/a/karu//courses/cs552/spring2013/handouts/testprograms/public/inst_tests/jalr_6.asm SUCCESS CPI:8.4 CYCLES:42 ICOUNT:5 IHITRATE: 15.4 DHITRATE: 0
/u/k/a/karu//courses/cs552/spring2013/handouts/testprograms/public/inst_tests/jalr_7.asm SUCCESS CPI:8.3 CYCLES:50 ICOUNT:6 IHITRATE: 19.1 DHITRATE: 0
/u/k/a/karu//courses/cs552/spring2013/handouts/testprograms/public/inst_tests/jr_0.asm SUCCESS CPI:12.6 CYCLES:38 ICOUNT:3 IHITRATE: 11.4 DHITRATE: 0
/u/k/a/karu//courses/cs552/spring2013/handouts/testprograms/public/inst_tests/lbi_0.asm SUCCESS CPI:6.7 CYCLES:40 ICOUNT:6 IHITRATE: 13.5 DHITRATE: 0
/u/k/a/karu//courses/cs552/spring2013/handouts/testprograms/public/inst_tests/lbi_1.asm SUCCESS CPI:6.3 CYCLES:57 ICOUNT:9 IHITRATE: 13.0 DHITRATE: 0
/u/k/a/karu//courses/cs552/spring2013/handouts/testprograms/public/inst_tests/ld_0.asm SUCCESS CPI:7.5 CYCLES:45 ICOUNT:6 IHITRATE: 22.2 DHITRATE: 6.7
/u/k/a/karu//courses/cs552/spring2013/handouts/testprograms/public/inst_tests/ld_1.asm SUCCESS CPI:7.5 CYCLES:45 ICOUNT:6 IHITRATE: 22.2 DHITRATE: 6.7
/u/k/a/karu//courses/cs552/spring2013/handouts/testprograms/public/inst_tests/ld_2.asm SUCCESS CPI:7.5 CYCLES:45 ICOUNT:6 IHITRATE: 22.2 DHITRATE: 6.7
/u/k/a/karu//courses/cs552/spring2013/handouts/testprograms/public/inst_tests/ld_3.asm SUCCESS CPI:9.6 CYCLES:106 ICOUNT:11 IHITRATE: 19.0 DHITRATE: 6.7
/u/k/a/karu//courses/cs552/spring2013/handouts/testprograms/public/inst_tests/rol_0.asm SUCCESS CPI:5.5 CYCLES:61 ICOUNT:11 IHITRATE: 15.5 DHITRATE: 0
/u/k/a/karu//courses/cs552/spring2013/handouts/testprograms/public/inst_tests/rol_1.asm SUCCESS CPI:5.0 CYCLES:175 ICOUNT:35 IHITRATE: 15.7 DHITRATE: 0
/u/k/a/karu//courses/cs552/spring2013/handouts/testprograms/public/inst_tests/roli_0.asm SUCCESS CPI:7.6 CYCLES:23 ICOUNT:3 IHITRATE: 15.0 DHITRATE: 0
/u/k/a/karu//courses/cs552/spring2013/handouts/testprograms/public/inst_tests/roli_1.asm SUCCESS CPI:7.6 CYCLES:23 ICOUNT:3 IHITRATE: 15.0 DHITRATE: 0
/u/k/a/karu//courses/cs552/spring2013/handouts/testprograms/public/inst_tests/roli_2.asm SUCCESS CPI:7.6 CYCLES:23 ICOUNT:3 IHITRATE: 15.0 DHITRATE: 0
/u/k/a/karu//courses/cs552/spring2013/handouts/testprograms/public/inst_tests/roli_3.asm SUCCESS CPI:7.6 CYCLES:23 ICOUNT:3 IHITRATE: 15.0 DHITRATE: 0
/u/k/a/karu//courses/cs552/spring2013/handouts/testprograms/public/inst_tests/roli_4.asm SUCCESS CPI:7.6 CYCLES:23 ICOUNT:3 IHITRATE: 15.0 DHITRATE: 0
/u/k/a/karu//courses/cs552/spring2013/handouts/testprograms/public/inst_tests/ror_0.asm SUCCESS CPI:6.2 CYCLES:25 ICOUNT:4 IHITRATE: 13.6 DHITRATE: 0
/u/k/a/karu//courses/cs552/spring2013/handouts/testprograms/public/inst_tests/ror_1.asm SUCCESS CPI:6.2 CYCLES:25 ICOUNT:4 IHITRATE: 13.6 DHITRATE: 0
/u/k/a/karu//courses/cs552/spring2013/handouts/testprograms/public/inst_tests/ror_2.asm SUCCESS CPI:6.2 CYCLES:25 ICOUNT:4 IHITRATE: 13.6 DHITRATE: 0
/u/k/a/karu//courses/cs552/spring2013/handouts/testprograms/public/inst_tests/ror_3.asm SUCCESS CPI:6.2 CYCLES:25 ICOUNT:4 IHITRATE: 13.6 DHITRATE: 0
/u/k/a/karu//courses/cs552/spring2013/handouts/testprograms/public/inst_tests/ror_4.asm SUCCESS CPI:6.2 CYCLES:25 ICOUNT:4 IHITRATE: 13.6 DHITRATE: 0
/u/k/a/karu//courses/cs552/spring2013/handouts/testprograms/public/inst_tests/ror_6.asm SUCCESS CPI:6.2 CYCLES:25 ICOUNT:4 IHITRATE: 13.6 DHITRATE: 0
/u/k/a/karu//courses/cs552/spring2013/handouts/testprograms/public/inst_tests/rori_0.asm SUCCESS CPI:5.0 CYCLES:175 ICOUNT:35 IHITRATE: 15.7 DHITRATE: 0
/u/k/a/karu//courses/cs552/spring2013/handouts/testprograms/public/inst_tests/sco_0.asm SUCCESS CPI:6.2 CYCLES:25 ICOUNT:4 IHITRATE: 13.6 DHITRATE: 0
/u/k/a/karu//courses/cs552/spring2013/handouts/testprograms/public/inst_tests/sco_1.asm SUCCESS CPI:6.2 CYCLES:25 ICOUNT:4 IHITRATE: 13.6 DHITRATE: 0
/u/k/a/karu//courses/cs552/spring2013/handouts/testprograms/public/inst_tests/sco_2.asm SUCCESS CPI:6.7 CYCLES:40 ICOUNT:6 IHITRATE: 13.5 DHITRATE: 0
/u/k/a/karu//courses/cs552/spring2013/handouts/testprograms/public/inst_tests/seq_0.asm SUCCESS CPI:5.3 CYCLES:369 ICOUNT:70 IHITRATE: 19.4 DHITRATE: 0
/u/k/a/karu//courses/cs552/spring2013/handouts/testprograms/public/inst_tests/seq_1.asm SUCCESS CPI:6.2 CYCLES:25 ICOUNT:4 IHITRATE: 13.6 DHITRATE: 0
/u/k/a/karu//courses/cs552/spring2013/handouts/testprograms/public/inst_tests/seq_2.asm SUCCESS CPI:6.2 CYCLES:25 ICOUNT:4 IHITRATE: 13.6 DHITRATE: 0
/u/k/a/karu//courses/cs552/spring2013/handouts/testprograms/public/inst_tests/seq_3.asm SUCCESS CPI:6.2 CYCLES:25 ICOUNT:4 IHITRATE: 13.6 DHITRATE: 0
/u/k/a/karu//courses/cs552/spring2013/handouts/testprograms/public/inst_tests/seq_4.asm SUCCESS CPI:6.2 CYCLES:25 ICOUNT:4 IHITRATE: 13.6 DHITRATE: 0
/u/k/a/karu//courses/cs552/spring2013/handouts/testprograms/public/inst_tests/seq_5.asm SUCCESS CPI:6.2 CYCLES:25 ICOUNT:4 IHITRATE: 13.6 DHITRATE: 0
/u/k/a/karu//courses/cs552/spring2013/handouts/testprograms/public/inst_tests/seq_6.asm SUCCESS CPI:6.2 CYCLES:25 ICOUNT:4 IHITRATE: 13.6 DHITRATE: 0
/u/k/a/karu//courses/cs552/spring2013/handouts/testprograms/public/inst_tests/seq_7.asm SUCCESS CPI:6.2 CYCLES:25 ICOUNT:4 IHITRATE: 13.6 DHITRATE: 0
/u/k/a/karu//courses/cs552/spring2013/handouts/testprograms/public/inst_tests/seq_8.asm SUCCESS CPI:6.2 CYCLES:25 ICOUNT:4 IHITRATE: 13.6 DHITRATE: 0
/u/k/a/karu//courses/cs552/spring2013/handouts/testprograms/public/inst_tests/seq_9.asm SUCCESS CPI:6.2 CYCLES:25 ICOUNT:4 IHITRATE: 13.6 DHITRATE: 0
/u/k/a/karu//courses/cs552/spring2013/handouts/testprograms/public/inst_tests/siic_0.asm RELAX-PASS
/u/k/a/karu//courses/cs552/spring2013/handouts/testprograms/public/inst_tests/slbi_0.asm SUCCESS CPI:7.6 CYCLES:23 ICOUNT:3 IHITRATE: 15.0 DHITRATE: 0
/u/k/a/karu//courses/cs552/spring2013/handouts/testprograms/public/inst_tests/slbi_1.asm SUCCESS CPI:7.6 CYCLES:23 ICOUNT:3 IHITRATE: 15.0 DHITRATE: 0
/u/k/a/karu//courses/cs552/spring2013/handouts/testprograms/public/inst_tests/slbi_2.asm SUCCESS CPI:7.6 CYCLES:23 ICOUNT:3 IHITRATE: 15.0 DHITRATE: 0
/u/k/a/karu//courses/cs552/spring2013/handouts/testprograms/public/inst_tests/sle_0.asm SUCCESS CPI:5.1 CYCLES:190 ICOUNT:37 IHITRATE: 15.0 DHITRATE: 0
/u/k/a/karu//courses/cs552/spring2013/handouts/testprograms/public/inst_tests/sle_1.asm SUCCESS CPI:7.6 CYCLES:38 ICOUNT:5 IHITRATE: 11.4 DHITRATE: 0
/u/k/a/karu//courses/cs552/spring2013/handouts/testprograms/public/inst_tests/sle_2.asm SUCCESS CPI:7.6 CYCLES:38 ICOUNT:5 IHITRATE: 11.4 DHITRATE: 0
/u/k/a/karu//courses/cs552/spring2013/handouts/testprograms/public/inst_tests/sle_3.asm SUCCESS CPI:7.6 CYCLES:38 ICOUNT:5 IHITRATE: 11.4 DHITRATE: 0
/u/k/a/karu//courses/cs552/spring2013/handouts/testprograms/public/inst_tests/sle_4.asm SUCCESS CPI:7.6 CYCLES:38 ICOUNT:5 IHITRATE: 11.4 DHITRATE: 0
/u/k/a/karu//courses/cs552/spring2013/handouts/testprograms/public/inst_tests/sle_5.asm SUCCESS CPI:7.6 CYCLES:38 ICOUNT:5 IHITRATE: 11.4 DHITRATE: 0
/u/k/a/karu//courses/cs552/spring2013/handouts/testprograms/public/inst_tests/sle_6.asm SUCCESS CPI:7.6 CYCLES:38 ICOUNT:5 IHITRATE: 11.4 DHITRATE: 0
/u/k/a/karu//courses/cs552/spring2013/handouts/testprograms/public/inst_tests/sll_0.asm SUCCESS CPI:6.2 CYCLES:25 ICOUNT:4 IHITRATE: 13.6 DHITRATE: 0
/u/k/a/karu//courses/cs552/spring2013/handouts/testprograms/public/inst_tests/sll_1.asm SUCCESS CPI:6.2 CYCLES:25 ICOUNT:4 IHITRATE: 13.6 DHITRATE: 0
/u/k/a/karu//courses/cs552/spring2013/handouts/testprograms/public/inst_tests/sll_2.asm SUCCESS CPI:6.2 CYCLES:25 ICOUNT:4 IHITRATE: 13.6 DHITRATE: 0
/u/k/a/karu//courses/cs552/spring2013/handouts/testprograms/public/inst_tests/sll_3.asm SUCCESS CPI:6.2 CYCLES:25 ICOUNT:4 IHITRATE: 13.6 DHITRATE: 0
/u/k/a/karu//courses/cs552/spring2013/handouts/testprograms/public/inst_tests/sll_4.asm SUCCESS CPI:6.2 CYCLES:25 ICOUNT:4 IHITRATE: 13.6 DHITRATE: 0
/u/k/a/karu//courses/cs552/spring2013/handouts/testprograms/public/inst_tests/slli_0.asm SUCCESS CPI:6.3 CYCLES:57 ICOUNT:9 IHITRATE: 13.0 DHITRATE: 0
/u/k/a/karu//courses/cs552/spring2013/handouts/testprograms/public/inst_tests/slli_1.asm SUCCESS CPI:6.7 CYCLES:40 ICOUNT:6 IHITRATE: 13.5 DHITRATE: 0
/u/k/a/karu//courses/cs552/spring2013/handouts/testprograms/public/inst_tests/slli_2.asm SUCCESS CPI:7.6 CYCLES:38 ICOUNT:5 IHITRATE: 11.4 DHITRATE: 0
/u/k/a/karu//courses/cs552/spring2013/handouts/testprograms/public/inst_tests/slt_0.asm SUCCESS CPI:6.2 CYCLES:25 ICOUNT:4 IHITRATE: 13.6 DHITRATE: 0
/u/k/a/karu//courses/cs552/spring2013/handouts/testprograms/public/inst_tests/slt_1.asm SUCCESS CPI:6.2 CYCLES:25 ICOUNT:4 IHITRATE: 13.6 DHITRATE: 0
/u/k/a/karu//courses/cs552/spring2013/handouts/testprograms/public/inst_tests/slt_2.asm SUCCESS CPI:7.6 CYCLES:23 ICOUNT:3 IHITRATE: 15.0 DHITRATE: 0
/u/k/a/karu//courses/cs552/spring2013/handouts/testprograms/public/inst_tests/slt_5.asm SUCCESS CPI:5.9 CYCLES:59 ICOUNT:10 IHITRATE: 14.3 DHITRATE: 0
/u/k/a/karu//courses/cs552/spring2013/handouts/testprograms/public/inst_tests/srli_0.asm SUCCESS CPI:7.6 CYCLES:23 ICOUNT:3 IHITRATE: 15.0 DHITRATE: 0
/u/k/a/karu//courses/cs552/spring2013/handouts/testprograms/public/inst_tests/srli_1.asm SUCCESS CPI:7.6 CYCLES:23 ICOUNT:3 IHITRATE: 15.0 DHITRATE: 0
/u/k/a/karu//courses/cs552/spring2013/handouts/testprograms/public/inst_tests/srli_2.asm SUCCESS CPI:7.6 CYCLES:23 ICOUNT:3 IHITRATE: 15.0 DHITRATE: 0
/u/k/a/karu//courses/cs552/spring2013/handouts/testprograms/public/inst_tests/st_0.asm SUCCESS CPI:7.5 CYCLES:45 ICOUNT:6 IHITRATE: 22.2 DHITRATE: 6.7
/u/k/a/karu//courses/cs552/spring2013/handouts/testprograms/public/inst_tests/st_1.asm SUCCESS CPI:7.5 CYCLES:45 ICOUNT:6 IHITRATE: 22.2 DHITRATE: 6.7
/u/k/a/karu//courses/cs552/spring2013/handouts/testprograms/public/inst_tests/st_10.asm SUCCESS CPI:9.2 CYCLES:37 ICOUNT:4 IHITRATE: 14.3 DHITRATE: 0.0
/u/k/a/karu//courses/cs552/spring2013/handouts/testprograms/public/inst_tests/st_2.asm SUCCESS CPI:7.5 CYCLES:45 ICOUNT:6 IHITRATE: 22.2 DHITRATE: 6.7
/u/k/a/karu//courses/cs552/spring2013/handouts/testprograms/public/inst_tests/st_3.asm SUCCESS CPI:6.7 CYCLES:47 ICOUNT:7 IHITRATE: 24.1 DHITRATE: 6.7
/u/k/a/karu//courses/cs552/spring2013/handouts/testprograms/public/inst_tests/st_4.asm SUCCESS CPI:9.2 CYCLES:37 ICOUNT:4 IHITRATE: 14.3 DHITRATE: 0.0
/u/k/a/karu//courses/cs552/spring2013/handouts/testprograms/public/inst_tests/st_5.asm SUCCESS CPI:9.2 CYCLES:37 ICOUNT:4 IHITRATE: 14.3 DHITRATE: 0.0
/u/k/a/karu//courses/cs552/spring2013/handouts/testprograms/public/inst_tests/st_6.asm SUCCESS CPI:9.2 CYCLES:37 ICOUNT:4 IHITRATE: 14.3 DHITRATE: 0.0
/u/k/a/karu//courses/cs552/spring2013/handouts/testprograms/public/inst_tests/st_7.asm SUCCESS CPI:9.2 CYCLES:37 ICOUNT:4 IHITRATE: 14.3 DHITRATE: 0.0
/u/k/a/karu//courses/cs552/spring2013/handouts/testprograms/public/inst_tests/st_8.asm SUCCESS CPI:9.2 CYCLES:37 ICOUNT:4 IHITRATE: 14.3 DHITRATE: 0.0
/u/k/a/karu//courses/cs552/spring2013/handouts/testprograms/public/inst_tests/st_9.asm SUCCESS CPI:9.2 CYCLES:37 ICOUNT:4 IHITRATE: 14.3 DHITRATE: 0.0
/u/k/a/karu//courses/cs552/spring2013/handouts/testprograms/public/inst_tests/stu_0.asm SUCCESS CPI:8.5 CYCLES:51 ICOUNT:6 IHITRATE: 12.1 DHITRATE: 6.7
/u/k/a/karu//courses/cs552/spring2013/handouts/testprograms/public/inst_tests/stu_1.asm SUCCESS CPI:8.5 CYCLES:51 ICOUNT:6 IHITRATE: 12.1 DHITRATE: 6.7
/u/k/a/karu//courses/cs552/spring2013/handouts/testprograms/public/inst_tests/stu_2.asm SUCCESS CPI:8.5 CYCLES:51 ICOUNT:6 IHITRATE: 12.1 DHITRATE: 6.7
/u/k/a/karu//courses/cs552/spring2013/handouts/testprograms/public/inst_tests/sub_0.asm SUCCESS CPI:7.6 CYCLES:38 ICOUNT:5 IHITRATE: 11.4 DHITRATE: 0
/u/k/a/karu//courses/cs552/spring2013/handouts/testprograms/public/inst_tests/sub_1.asm SUCCESS CPI:6.7 CYCLES:40 ICOUNT:6 IHITRATE: 13.5 DHITRATE: 0
/u/k/a/karu//courses/cs552/spring2013/handouts/testprograms/public/inst_tests/sub_2.asm SUCCESS CPI:6.2 CYCLES:25 ICOUNT:4 IHITRATE: 13.6 DHITRATE: 0
/u/k/a/karu//courses/cs552/spring2013/handouts/testprograms/public/inst_tests/sub_3.asm SUCCESS CPI:6.2 CYCLES:25 ICOUNT:4 IHITRATE: 13.6 DHITRATE: 0
/u/k/a/karu//courses/cs552/spring2013/handouts/testprograms/public/inst_tests/sub_4.asm SUCCESS CPI:6.2 CYCLES:25 ICOUNT:4 IHITRATE: 13.6 DHITRATE: 0
/u/k/a/karu//courses/cs552/spring2013/handouts/testprograms/public/inst_tests/sub_5.asm SUCCESS CPI:6.2 CYCLES:25 ICOUNT:4 IHITRATE: 13.6 DHITRATE: 0
/u/k/a/karu//courses/cs552/spring2013/handouts/testprograms/public/inst_tests/sub_6.asm SUCCESS CPI:7.6 CYCLES:23 ICOUNT:3 IHITRATE: 15.0 DHITRATE: 0
/u/k/a/karu//courses/cs552/spring2013/handouts/testprograms/public/inst_tests/sub_7.asm SUCCESS CPI:7.6 CYCLES:23 ICOUNT:3 IHITRATE: 15.0 DHITRATE: 0
/u/k/a/karu//courses/cs552/spring2013/handouts/testprograms/public/inst_tests/subi_0.asm SUCCESS CPI:7.6 CYCLES:23 ICOUNT:3 IHITRATE: 15.0 DHITRATE: 0
/u/k/a/karu//courses/cs552/spring2013/handouts/testprograms/public/inst_tests/subi_1.asm SUCCESS CPI:7.6 CYCLES:23 ICOUNT:3 IHITRATE: 15.0 DHITRATE: 0
/u/k/a/karu//courses/cs552/spring2013/handouts/testprograms/public/inst_tests/subi_2.asm SUCCESS CPI:7.6 CYCLES:23 ICOUNT:3 IHITRATE: 15.0 DHITRATE: 0
/u/k/a/karu//courses/cs552/spring2013/handouts/testprograms/public/inst_tests/xor_0.asm SUCCESS CPI:7.6 CYCLES:23 ICOUNT:3 IHITRATE: 15.0 DHITRATE: 0
/u/k/a/karu//courses/cs552/spring2013/handouts/testprograms/public/inst_tests/xor_1.asm SUCCESS CPI:6.2 CYCLES:25 ICOUNT:4 IHITRATE: 13.6 DHITRATE: 0
/u/k/a/karu//courses/cs552/spring2013/handouts/testprograms/public/inst_tests/xor_2.asm SUCCESS CPI:6.2 CYCLES:25 ICOUNT:4 IHITRATE: 13.6 DHITRATE: 0
/u/k/a/karu//courses/cs552/spring2013/handouts/testprograms/public/inst_tests/xor_3.asm SUCCESS CPI:6.2 CYCLES:25 ICOUNT:4 IHITRATE: 13.6 DHITRATE: 0
/u/k/a/karu//courses/cs552/spring2013/handouts/testprograms/public/inst_tests/xor_4.asm SUCCESS CPI:6.2 CYCLES:25 ICOUNT:4 IHITRATE: 13.6 DHITRATE: 0
/u/k/a/karu//courses/cs552/spring2013/handouts/testprograms/public/inst_tests/xor_5.asm SUCCESS CPI:7.6 CYCLES:23 ICOUNT:3 IHITRATE: 15.0 DHITRATE: 0
/u/k/a/karu//courses/cs552/spring2013/handouts/testprograms/public/inst_tests/xor_6.asm SUCCESS CPI:7.6 CYCLES:38 ICOUNT:5 IHITRATE: 11.4 DHITRATE: 0
/u/k/a/karu//courses/cs552/spring2013/handouts/testprograms/public/inst_tests/xori_0.asm SUCCESS CPI:7.6 CYCLES:23 ICOUNT:3 IHITRATE: 15.0 DHITRATE: 0
/u/k/a/karu//courses/cs552/spring2013/handouts/testprograms/public/inst_tests/xori_1.asm SUCCESS CPI:7.6 CYCLES:23 ICOUNT:3 IHITRATE: 15.0 DHITRATE: 0
/u/k/a/karu//courses/cs552/spring2013/handouts/testprograms/public/inst_tests/xori_10.asm SUCCESS CPI:7.6 CYCLES:23 ICOUNT:3 IHITRATE: 15.0 DHITRATE: 0
/u/k/a/karu//courses/cs552/spring2013/handouts/testprograms/public/inst_tests/xori_11.asm SUCCESS CPI:7.6 CYCLES:23 ICOUNT:3 IHITRATE: 15.0 DHITRATE: 0
/u/k/a/karu//courses/cs552/spring2013/handouts/testprograms/public/inst_tests/xori_12.asm SUCCESS CPI:7.6 CYCLES:23 ICOUNT:3 IHITRATE: 15.0 DHITRATE: 0
/u/k/a/karu//courses/cs552/spring2013/handouts/testprograms/public/inst_tests/xori_13.asm SUCCESS CPI:7.6 CYCLES:23 ICOUNT:3 IHITRATE: 15.0 DHITRATE: 0
/u/k/a/karu//courses/cs552/spring2013/handouts/testprograms/public/inst_tests/xori_2.asm SUCCESS CPI:7.6 CYCLES:23 ICOUNT:3 IHITRATE: 15.0 DHITRATE: 0
/u/k/a/karu//courses/cs552/spring2013/handouts/testprograms/public/inst_tests/xori_3.asm SUCCESS CPI:7.6 CYCLES:23 ICOUNT:3 IHITRATE: 15.0 DHITRATE: 0
/u/k/a/karu//courses/cs552/spring2013/handouts/testprograms/public/inst_tests/xori_4.asm SUCCESS CPI:7.6 CYCLES:23 ICOUNT:3 IHITRATE: 15.0 DHITRATE: 0
/u/k/a/karu//courses/cs552/spring2013/handouts/testprograms/public/inst_tests/xori_5.asm SUCCESS CPI:7.6 CYCLES:23 ICOUNT:3 IHITRATE: 15.0 DHITRATE: 0
/u/k/a/karu//courses/cs552/spring2013/handouts/testprograms/public/inst_tests/xori_6.asm SUCCESS CPI:7.6 CYCLES:23 ICOUNT:3 IHITRATE: 15.0 DHITRATE: 0
/u/k/a/karu//courses/cs552/spring2013/handouts/testprograms/public/inst_tests/xori_7.asm SUCCESS CPI:7.6 CYCLES:23 ICOUNT:3 IHITRATE: 15.0 DHITRATE: 0
/u/k/a/karu//courses/cs552/spring2013/handouts/testprograms/public/inst_tests/xori_8.asm SUCCESS CPI:7.6 CYCLES:23 ICOUNT:3 IHITRATE: 15.0 DHITRATE: 0
/u/k/a/karu//courses/cs552/spring2013/handouts/testprograms/public/inst_tests/xori_9.asm SUCCESS CPI:7.6 CYCLES:23 ICOUNT:3 IHITRATE: 15.0 DHITRATE: 0
