/u/k/a/karu/courses/cs552/spring2013/handouts/testprograms/public/rand_final/ldld_rand_large.asm SUCCESS CPI:6.3 CYCLES:6539 ICOUNT:1035 IHITRATE: 33.0 DHITRATE: 41.2
/u/k/a/karu/courses/cs552/spring2013/handouts/testprograms/public/rand_final/ldld_rand_small.asm SUCCESS CPI:6.3 CYCLES:6539 ICOUNT:1035 IHITRATE: 33.0 DHITRATE: 41.2
/u/k/a/karu/courses/cs552/spring2013/handouts/testprograms/public/rand_final/ldst_rand_large.asm SUCCESS CPI:4.4 CYCLES:6210 ICOUNT:1417 IHITRATE: 54.0 DHITRATE: 31.0
/u/k/a/karu/courses/cs552/spring2013/handouts/testprograms/public/rand_final/ldst_rand_small.asm SUCCESS CPI:4.1 CYCLES:5858 ICOUNT:1417 IHITRATE: 54.0 DHITRATE: 37.2
/u/k/a/karu/courses/cs552/spring2013/handouts/testprograms/public/rand_final/t_100_all.asm SUCCESS CPI:6.9 CYCLES:2319 ICOUNT:334 IHITRATE: 14.4 DHITRATE: 13.4
/u/k/a/karu/courses/cs552/spring2013/handouts/testprograms/public/rand_final/t_100_ctrl.asm SUCCESS CPI:7.0 CYCLES:4508 ICOUNT:647 IHITRATE: 13.8 DHITRATE: 17.6
/u/k/a/karu/courses/cs552/spring2013/handouts/testprograms/public/rand_final/t_100_icache.asm SUCCESS CPI:99.4 CYCLES:5667 ICOUNT:57 IHITRATE: 5.8 DHITRATE: 0
/u/k/a/karu/courses/cs552/spring2013/handouts/testprograms/public/rand_final/t_100_idcache.asm SUCCESS CPI:14.4 CYCLES:5790 ICOUNT:401 IHITRATE: 15.3 DHITRATE: 3.8
/u/k/a/karu/courses/cs552/spring2013/handouts/testprograms/public/rand_final/t_100_mem.asm SUCCESS CPI:9.0 CYCLES:12855 ICOUNT:1427 IHITRATE: 16.0 DHITRATE: 36.1
/u/k/a/karu/courses/cs552/spring2013/handouts/testprograms/public/rand_final/t_101_all.asm SUCCESS CPI:6.8 CYCLES:3061 ICOUNT:449 IHITRATE: 14.4 DHITRATE: 13.9
/u/k/a/karu/courses/cs552/spring2013/handouts/testprograms/public/rand_final/t_101_ctrl.asm SUCCESS CPI:6.5 CYCLES:5561 ICOUNT:850 IHITRATE: 14.6 DHITRATE: 20.1
/u/k/a/karu/courses/cs552/spring2013/handouts/testprograms/public/rand_final/t_101_icache.asm SUCCESS CPI:106.0 CYCLES:5618 ICOUNT:53 IHITRATE: 5.8 DHITRATE: 0
/u/k/a/karu/courses/cs552/spring2013/handouts/testprograms/public/rand_final/t_101_idcache.asm SUCCESS CPI:13.6 CYCLES:5608 ICOUNT:413 IHITRATE: 17.3 DHITRATE: 3.8
/u/k/a/karu/courses/cs552/spring2013/handouts/testprograms/public/rand_final/t_101_mem.asm SUCCESS CPI:9.1 CYCLES:12916 ICOUNT:1422 IHITRATE: 15.9 DHITRATE: 36.8
/u/k/a/karu/courses/cs552/spring2013/handouts/testprograms/public/rand_final/t_102_all.asm SUCCESS CPI:7.0 CYCLES:2541 ICOUNT:365 IHITRATE: 14.0 DHITRATE: 8.8
/u/k/a/karu/courses/cs552/spring2013/handouts/testprograms/public/rand_final/t_102_ctrl.asm SUCCESS CPI:6.6 CYCLES:5611 ICOUNT:856 IHITRATE: 14.6 DHITRATE: 15.2
/u/k/a/karu/courses/cs552/spring2013/handouts/testprograms/public/rand_final/t_102_icache.asm SUCCESS CPI:115.2 CYCLES:5647 ICOUNT:49 IHITRATE: 5.9 DHITRATE: 0
/u/k/a/karu/courses/cs552/spring2013/handouts/testprograms/public/rand_final/t_102_idcache.asm SUCCESS CPI:15.4 CYCLES:5143 ICOUNT:335 IHITRATE: 16.6 DHITRATE: 3.2
/u/k/a/karu/courses/cs552/spring2013/handouts/testprograms/public/rand_final/t_102_mem.asm SUCCESS CPI:8.5 CYCLES:13016 ICOUNT:1529 IHITRATE: 16.1 DHITRATE: 40.5
/u/k/a/karu/courses/cs552/spring2013/handouts/testprograms/public/rand_final/t_103_all.asm SUCCESS CPI:6.3 CYCLES:2855 ICOUNT:453 IHITRATE: 15.0 DHITRATE: 8.7
/u/k/a/karu/courses/cs552/spring2013/handouts/testprograms/public/rand_final/t_103_ctrl.asm SUCCESS CPI:6.7 CYCLES:5464 ICOUNT:815 IHITRATE: 14.4 DHITRATE: 16.5
/u/k/a/karu/courses/cs552/spring2013/handouts/testprograms/public/rand_final/t_103_icache.asm SUCCESS CPI:100.2 CYCLES:5613 ICOUNT:56 IHITRATE: 5.6 DHITRATE: 0
/u/k/a/karu/courses/cs552/spring2013/handouts/testprograms/public/rand_final/t_103_idcache.asm SUCCESS CPI:15.0 CYCLES:5596 ICOUNT:374 IHITRATE: 15.3 DHITRATE: 4.1
/u/k/a/karu/courses/cs552/spring2013/handouts/testprograms/public/rand_final/t_103_mem.asm SUCCESS CPI:8.7 CYCLES:12755 ICOUNT:1468 IHITRATE: 16.0 DHITRATE: 42.3
/u/k/a/karu/courses/cs552/spring2013/handouts/testprograms/public/rand_final/t_104_all.asm SUCCESS CPI:6.6 CYCLES:3003 ICOUNT:456 IHITRATE: 14.5 DHITRATE: 10.4
/u/k/a/karu/courses/cs552/spring2013/handouts/testprograms/public/rand_final/t_104_ctrl.asm SUCCESS CPI:6.7 CYCLES:5142 ICOUNT:766 IHITRATE: 14.4 DHITRATE: 14.2
/u/k/a/karu/courses/cs552/spring2013/handouts/testprograms/public/rand_final/t_104_icache.asm SUCCESS CPI:94.9 CYCLES:5599 ICOUNT:59 IHITRATE: 5.7 DHITRATE: 0
/u/k/a/karu/courses/cs552/spring2013/handouts/testprograms/public/rand_final/t_104_idcache.asm SUCCESS CPI:16.1 CYCLES:5016 ICOUNT:311 IHITRATE: 17.1 DHITRATE: 2.0
/u/k/a/karu/courses/cs552/spring2013/handouts/testprograms/public/rand_final/t_104_mem.asm SUCCESS CPI:8.5 CYCLES:13187 ICOUNT:1550 IHITRATE: 16.0 DHITRATE: 39.6
/u/k/a/karu/courses/cs552/spring2013/handouts/testprograms/public/rand_final/t_105_all.asm SUCCESS CPI:6.6 CYCLES:3004 ICOUNT:453 IHITRATE: 14.7 DHITRATE: 9.6
/u/k/a/karu/courses/cs552/spring2013/handouts/testprograms/public/rand_final/t_105_ctrl.asm SUCCESS CPI:6.7 CYCLES:5383 ICOUNT:798 IHITRATE: 14.2 DHITRATE: 14.2
/u/k/a/karu/courses/cs552/spring2013/handouts/testprograms/public/rand_final/t_105_icache.asm SUCCESS CPI:114.3 CYCLES:5604 ICOUNT:49 IHITRATE: 5.9 DHITRATE: 0
/u/k/a/karu/courses/cs552/spring2013/handouts/testprograms/public/rand_final/t_105_idcache.asm SUCCESS CPI:15.8 CYCLES:5308 ICOUNT:335 IHITRATE: 15.3 DHITRATE: 2.1
/u/k/a/karu/courses/cs552/spring2013/handouts/testprograms/public/rand_final/t_105_mem.asm SUCCESS CPI:8.8 CYCLES:12732 ICOUNT:1440 IHITRATE: 16.0 DHITRATE: 38.7
/u/k/a/karu/courses/cs552/spring2013/handouts/testprograms/public/rand_final/t_106_all.asm SUCCESS CPI:6.6 CYCLES:3112 ICOUNT:472 IHITRATE: 14.3 DHITRATE: 13.6
/u/k/a/karu/courses/cs552/spring2013/handouts/testprograms/public/rand_final/t_106_ctrl.asm SUCCESS CPI:6.5 CYCLES:5299 ICOUNT:812 IHITRATE: 14.9 DHITRATE: 14.6
/u/k/a/karu/courses/cs552/spring2013/handouts/testprograms/public/rand_final/t_106_icache.asm SUCCESS CPI:99.9 CYCLES:5593 ICOUNT:56 IHITRATE: 5.7 DHITRATE: 0
/u/k/a/karu/courses/cs552/spring2013/handouts/testprograms/public/rand_final/t_106_idcache.asm SUCCESS CPI:15.9 CYCLES:5191 ICOUNT:326 IHITRATE: 16.9 DHITRATE: 2.6
/u/k/a/karu/courses/cs552/spring2013/handouts/testprograms/public/rand_final/t_106_mem.asm SUCCESS CPI:9.0 CYCLES:12824 ICOUNT:1427 IHITRATE: 16.0 DHITRATE: 36.9
/u/k/a/karu/courses/cs552/spring2013/handouts/testprograms/public/rand_final/t_107_all.asm SUCCESS CPI:6.6 CYCLES:2825 ICOUNT:428 IHITRATE: 14.5 DHITRATE: 11.4
/u/k/a/karu/courses/cs552/spring2013/handouts/testprograms/public/rand_final/t_107_ctrl.asm SUCCESS CPI:6.6 CYCLES:5233 ICOUNT:792 IHITRATE: 14.3 DHITRATE: 16.7
/u/k/a/karu/courses/cs552/spring2013/handouts/testprograms/public/rand_final/t_107_icache.asm SUCCESS CPI:106.3 CYCLES:5527 ICOUNT:52 IHITRATE: 5.6 DHITRATE: 0
/u/k/a/karu/courses/cs552/spring2013/handouts/testprograms/public/rand_final/t_107_idcache.asm SUCCESS CPI:16.5 CYCLES:5367 ICOUNT:326 IHITRATE: 15.5 DHITRATE: 2.6
/u/k/a/karu/courses/cs552/spring2013/handouts/testprograms/public/rand_final/t_107_mem.asm SUCCESS CPI:8.9 CYCLES:12665 ICOUNT:1417 IHITRATE: 16.0 DHITRATE: 37.7
/u/k/a/karu/courses/cs552/spring2013/handouts/testprograms/public/rand_final/t_108_all.asm SUCCESS CPI:6.3 CYCLES:2916 ICOUNT:464 IHITRATE: 15.2 DHITRATE: 11.1
/u/k/a/karu/courses/cs552/spring2013/handouts/testprograms/public/rand_final/t_108_ctrl.asm SUCCESS CPI:6.5 CYCLES:5432 ICOUNT:836 IHITRATE: 14.3 DHITRATE: 18.2
/u/k/a/karu/courses/cs552/spring2013/handouts/testprograms/public/rand_final/t_108_icache.asm SUCCESS CPI:91.5 CYCLES:5582 ICOUNT:61 IHITRATE: 5.7 DHITRATE: 0
/u/k/a/karu/courses/cs552/spring2013/handouts/testprograms/public/rand_final/t_108_idcache.asm SUCCESS CPI:16.6 CYCLES:5665 ICOUNT:341 IHITRATE: 14.3 DHITRATE: 3.3
/u/k/a/karu/courses/cs552/spring2013/handouts/testprograms/public/rand_final/t_108_mem.asm SUCCESS CPI:8.5 CYCLES:13275 ICOUNT:1562 IHITRATE: 16.1 DHITRATE: 36.9
/u/k/a/karu/courses/cs552/spring2013/handouts/testprograms/public/rand_final/t_109_all.asm SUCCESS CPI:6.8 CYCLES:2296 ICOUNT:339 IHITRATE: 14.2 DHITRATE: 21.7
/u/k/a/karu/courses/cs552/spring2013/handouts/testprograms/public/rand_final/t_109_ctrl.asm SUCCESS CPI:6.6 CYCLES:5517 ICOUNT:840 IHITRATE: 14.3 DHITRATE: 24.7
/u/k/a/karu/courses/cs552/spring2013/handouts/testprograms/public/rand_final/t_109_icache.asm SUCCESS CPI:111.4 CYCLES:5571 ICOUNT:50 IHITRATE: 5.7 DHITRATE: 0
/u/k/a/karu/courses/cs552/spring2013/handouts/testprograms/public/rand_final/t_109_idcache.asm SUCCESS CPI:15.7 CYCLES:5448 ICOUNT:347 IHITRATE: 16.3 DHITRATE: 1.6
/u/k/a/karu/courses/cs552/spring2013/handouts/testprograms/public/rand_final/t_109_mem.asm SUCCESS CPI:9.1 CYCLES:12618 ICOUNT:1385 IHITRATE: 16.0 DHITRATE: 38.4
/u/k/a/karu/courses/cs552/spring2013/handouts/testprograms/public/rand_final/t_10_mem.asm SUCCESS CPI:8.4 CYCLES:13267 ICOUNT:1576 IHITRATE: 16.1 DHITRATE: 40.1
/u/k/a/karu/courses/cs552/spring2013/handouts/testprograms/public/rand_final/t_110_all.asm SUCCESS CPI:6.3 CYCLES:2902 ICOUNT:457 IHITRATE: 14.6 DHITRATE: 22.9
/u/k/a/karu/courses/cs552/spring2013/handouts/testprograms/public/rand_final/t_110_ctrl.asm SUCCESS CPI:6.3 CYCLES:5783 ICOUNT:915 IHITRATE: 14.8 DHITRATE: 19.0
/u/k/a/karu/courses/cs552/spring2013/handouts/testprograms/public/rand_final/t_110_icache.asm SUCCESS CPI:114.0 CYCLES:5587 ICOUNT:49 IHITRATE: 5.9 DHITRATE: 0
/u/k/a/karu/courses/cs552/spring2013/handouts/testprograms/public/rand_final/t_110_idcache.asm SUCCESS CPI:14.9 CYCLES:5768 ICOUNT:386 IHITRATE: 16.0 DHITRATE: 2.7
/u/k/a/karu/courses/cs552/spring2013/handouts/testprograms/public/rand_final/t_110_mem.asm SUCCESS CPI:8.6 CYCLES:12897 ICOUNT:1502 IHITRATE: 16.0 DHITRATE: 37.9
/u/k/a/karu/courses/cs552/spring2013/handouts/testprograms/public/rand_final/t_111_all.asm SUCCESS CPI:7.1 CYCLES:2811 ICOUNT:396 IHITRATE: 13.9 DHITRATE: 15.1
/u/k/a/karu/courses/cs552/spring2013/handouts/testprograms/public/rand_final/t_111_ctrl.asm SUCCESS CPI:6.5 CYCLES:5917 ICOUNT:912 IHITRATE: 14.7 DHITRATE: 15.3
/u/k/a/karu/courses/cs552/spring2013/handouts/testprograms/public/rand_final/t_111_icache.asm SUCCESS CPI:98.7 CYCLES:5627 ICOUNT:57 IHITRATE: 5.7 DHITRATE: 0
/u/k/a/karu/courses/cs552/spring2013/handouts/testprograms/public/rand_final/t_111_idcache.asm SUCCESS CPI:15.7 CYCLES:6158 ICOUNT:392 IHITRATE: 15.5 DHITRATE: 1.6
/u/k/a/karu/courses/cs552/spring2013/handouts/testprograms/public/rand_final/t_111_mem.asm SUCCESS CPI:9.0 CYCLES:12674 ICOUNT:1405 IHITRATE: 16.1 DHITRATE: 35.1
/u/k/a/karu/courses/cs552/spring2013/handouts/testprograms/public/rand_final/t_112_all.asm SUCCESS CPI:6.9 CYCLES:2576 ICOUNT:375 IHITRATE: 14.4 DHITRATE: 10.1
/u/k/a/karu/courses/cs552/spring2013/handouts/testprograms/public/rand_final/t_112_ctrl.asm SUCCESS CPI:6.7 CYCLES:4999 ICOUNT:751 IHITRATE: 14.3 DHITRATE: 13.8
/u/k/a/karu/courses/cs552/spring2013/handouts/testprograms/public/rand_final/t_112_icache.asm SUCCESS CPI:95.6 CYCLES:5639 ICOUNT:59 IHITRATE: 5.8 DHITRATE: 0
/u/k/a/karu/courses/cs552/spring2013/handouts/testprograms/public/rand_final/t_112_idcache.asm SUCCESS CPI:14.8 CYCLES:6030 ICOUNT:407 IHITRATE: 16.7 DHITRATE: 2.3
/u/k/a/karu/courses/cs552/spring2013/handouts/testprograms/public/rand_final/t_112_mem.asm SUCCESS CPI:9.1 CYCLES:11863 ICOUNT:1310 IHITRATE: 16.0 DHITRATE: 42.7
/u/k/a/karu/courses/cs552/spring2013/handouts/testprograms/public/rand_final/t_113_all.asm SUCCESS CPI:6.7 CYCLES:2341 ICOUNT:347 IHITRATE: 14.3 DHITRATE: 17.1
/u/k/a/karu/courses/cs552/spring2013/handouts/testprograms/public/rand_final/t_113_ctrl.asm SUCCESS CPI:6.9 CYCLES:5230 ICOUNT:762 IHITRATE: 14.4 DHITRATE: 14.2
/u/k/a/karu/courses/cs552/spring2013/handouts/testprograms/public/rand_final/t_113_icache.asm SUCCESS CPI:111.6 CYCLES:5580 ICOUNT:50 IHITRATE: 5.5 DHITRATE: 0
/u/k/a/karu/courses/cs552/spring2013/handouts/testprograms/public/rand_final/t_113_idcache.asm SUCCESS CPI:14.0 CYCLES:5643 ICOUNT:404 IHITRATE: 16.3 DHITRATE: 3.1
/u/k/a/karu/courses/cs552/spring2013/handouts/testprograms/public/rand_final/t_113_mem.asm SUCCESS CPI:8.6 CYCLES:12932 ICOUNT:1496 IHITRATE: 16.0 DHITRATE: 39.8
/u/k/a/karu/courses/cs552/spring2013/handouts/testprograms/public/rand_final/t_114_all.asm SUCCESS CPI:5.9 CYCLES:3587 ICOUNT:605 IHITRATE: 15.3 DHITRATE: 14.4
/u/k/a/karu/courses/cs552/spring2013/handouts/testprograms/public/rand_final/t_114_ctrl.asm SUCCESS CPI:6.4 CYCLES:5669 ICOUNT:887 IHITRATE: 14.5 DHITRATE: 27.1
/u/k/a/karu/courses/cs552/spring2013/handouts/testprograms/public/rand_final/t_114_icache.asm SUCCESS CPI:91.9 CYCLES:5607 ICOUNT:61 IHITRATE: 6.0 DHITRATE: 0
/u/k/a/karu/courses/cs552/spring2013/handouts/testprograms/public/rand_final/t_114_idcache.asm SUCCESS CPI:15.1 CYCLES:5362 ICOUNT:356 IHITRATE: 15.3 DHITRATE: 3.2
/u/k/a/karu/courses/cs552/spring2013/handouts/testprograms/public/rand_final/t_114_mem.asm SUCCESS CPI:8.7 CYCLES:12584 ICOUNT:1449 IHITRATE: 16.0 DHITRATE: 39.7
/u/k/a/karu/courses/cs552/spring2013/handouts/testprograms/public/rand_final/t_115_all.asm SUCCESS CPI:6.4 CYCLES:2933 ICOUNT:455 IHITRATE: 14.8 DHITRATE: 17.5
/u/k/a/karu/courses/cs552/spring2013/handouts/testprograms/public/rand_final/t_115_ctrl.asm SUCCESS CPI:6.6 CYCLES:5771 ICOUNT:881 IHITRATE: 14.9 DHITRATE: 14.9
/u/k/a/karu/courses/cs552/spring2013/handouts/testprograms/public/rand_final/t_115_icache.asm SUCCESS CPI:113.6 CYCLES:5568 ICOUNT:49 IHITRATE: 5.8 DHITRATE: 0
/u/k/a/karu/courses/cs552/spring2013/handouts/testprograms/public/rand_final/t_115_idcache.asm SUCCESS CPI:14.1 CYCLES:6054 ICOUNT:428 IHITRATE: 15.5 DHITRATE: 4.2
/u/k/a/karu/courses/cs552/spring2013/handouts/testprograms/public/rand_final/t_115_mem.asm SUCCESS CPI:8.8 CYCLES:12433 ICOUNT:1414 IHITRATE: 16.0 DHITRATE: 42.6
/u/k/a/karu/courses/cs552/spring2013/handouts/testprograms/public/rand_final/t_116_all.asm SUCCESS CPI:6.1 CYCLES:3569 ICOUNT:587 IHITRATE: 15.1 DHITRATE: 15.8
/u/k/a/karu/courses/cs552/spring2013/handouts/testprograms/public/rand_final/t_116_ctrl.asm SUCCESS CPI:6.0 CYCLES:6657 ICOUNT:1102 IHITRATE: 15.1 DHITRATE: 20.1
/u/k/a/karu/courses/cs552/spring2013/handouts/testprograms/public/rand_final/t_116_icache.asm SUCCESS CPI:121.1 CYCLES:5695 ICOUNT:47 IHITRATE: 5.6 DHITRATE: 0
/u/k/a/karu/courses/cs552/spring2013/handouts/testprograms/public/rand_final/t_116_idcache.asm SUCCESS CPI:15.9 CYCLES:5580 ICOUNT:350 IHITRATE: 14.5 DHITRATE: 3.4
/u/k/a/karu/courses/cs552/spring2013/handouts/testprograms/public/rand_final/t_116_mem.asm SUCCESS CPI:8.8 CYCLES:13170 ICOUNT:1492 IHITRATE: 16.0 DHITRATE: 35.0
/u/k/a/karu/courses/cs552/spring2013/handouts/testprograms/public/rand_final/t_117_all.asm SUCCESS CPI:6.5 CYCLES:3093 ICOUNT:475 IHITRATE: 15.2 DHITRATE: 12.0
/u/k/a/karu/courses/cs552/spring2013/handouts/testprograms/public/rand_final/t_117_ctrl.asm SUCCESS CPI:6.6 CYCLES:5902 ICOUNT:898 IHITRATE: 14.7 DHITRATE: 12.6
/u/k/a/karu/courses/cs552/spring2013/handouts/testprograms/public/rand_final/t_117_icache.asm SUCCESS CPI:98.8 CYCLES:5635 ICOUNT:57 IHITRATE: 6.0 DHITRATE: 0
/u/k/a/karu/courses/cs552/spring2013/handouts/testprograms/public/rand_final/t_117_idcache.asm SUCCESS CPI:14.7 CYCLES:6132 ICOUNT:416 IHITRATE: 13.7 DHITRATE: 3.7
/u/k/a/karu/courses/cs552/spring2013/handouts/testprograms/public/rand_final/t_117_mem.asm SUCCESS CPI:8.6 CYCLES:13461 ICOUNT:1572 IHITRATE: 16.0 DHITRATE: 39.0
/u/k/a/karu/courses/cs552/spring2013/handouts/testprograms/public/rand_final/t_118_all.asm SUCCESS CPI:6.4 CYCLES:3396 ICOUNT:531 IHITRATE: 15.0 DHITRATE: 12.9
/u/k/a/karu/courses/cs552/spring2013/handouts/testprograms/public/rand_final/t_118_ctrl.asm SUCCESS CPI:6.6 CYCLES:5218 ICOUNT:793 IHITRATE: 14.9 DHITRATE: 13.3
/u/k/a/karu/courses/cs552/spring2013/handouts/testprograms/public/rand_final/t_118_icache.asm SUCCESS CPI:102.6 CYCLES:5643 ICOUNT:55 IHITRATE: 5.9 DHITRATE: 0
/u/k/a/karu/courses/cs552/spring2013/handouts/testprograms/public/rand_final/t_118_idcache.asm SUCCESS CPI:15.3 CYCLES:4941 ICOUNT:323 IHITRATE: 16.8 DHITRATE: 2.1
/u/k/a/karu/courses/cs552/spring2013/handouts/testprograms/public/rand_final/t_118_mem.asm SUCCESS CPI:9.0 CYCLES:12284 ICOUNT:1359 IHITRATE: 15.9 DHITRATE: 41.1
/u/k/a/karu/courses/cs552/spring2013/handouts/testprograms/public/rand_final/t_119_all.asm SUCCESS CPI:6.6 CYCLES:2805 ICOUNT:427 IHITRATE: 14.7 DHITRATE: 12.7
/u/k/a/karu/courses/cs552/spring2013/handouts/testprograms/public/rand_final/t_119_ctrl.asm SUCCESS CPI:6.6 CYCLES:5021 ICOUNT:760 IHITRATE: 14.6 DHITRATE: 15.5
/u/k/a/karu/courses/cs552/spring2013/handouts/testprograms/public/rand_final/t_119_icache.asm SUCCESS CPI:90.7 CYCLES:5624 ICOUNT:62 IHITRATE: 5.8 DHITRATE: 0
/u/k/a/karu/courses/cs552/spring2013/handouts/testprograms/public/rand_final/t_119_idcache.asm SUCCESS CPI:15.5 CYCLES:5708 ICOUNT:368 IHITRATE: 15.3 DHITRATE: 2.2
/u/k/a/karu/courses/cs552/spring2013/handouts/testprograms/public/rand_final/t_119_mem.asm SUCCESS CPI:8.5 CYCLES:13388 ICOUNT:1567 IHITRATE: 16.1 DHITRATE: 35.0
/u/k/a/karu/courses/cs552/spring2013/handouts/testprograms/public/rand_final/t_11_mem.asm SUCCESS CPI:8.7 CYCLES:13656 ICOUNT:1571 IHITRATE: 16.1 DHITRATE: 33.9
/u/k/a/karu/courses/cs552/spring2013/handouts/testprograms/public/rand_final/t_120_all.asm SUCCESS CPI:7.0 CYCLES:2752 ICOUNT:395 IHITRATE: 13.6 DHITRATE: 19.6
/u/k/a/karu/courses/cs552/spring2013/handouts/testprograms/public/rand_final/t_120_ctrl.asm SUCCESS CPI:6.4 CYCLES:5775 ICOUNT:903 IHITRATE: 14.5 DHITRATE: 16.4
/u/k/a/karu/courses/cs552/spring2013/handouts/testprograms/public/rand_final/t_120_icache.asm SUCCESS CPI:99.4 CYCLES:5567 ICOUNT:56 IHITRATE: 5.7 DHITRATE: 0
/u/k/a/karu/courses/cs552/spring2013/handouts/testprograms/public/rand_final/t_120_idcache.asm SUCCESS CPI:15.1 CYCLES:5553 ICOUNT:368 IHITRATE: 15.6 DHITRATE: 3.5
/u/k/a/karu/courses/cs552/spring2013/handouts/testprograms/public/rand_final/t_120_mem.asm SUCCESS CPI:8.7 CYCLES:12882 ICOUNT:1474 IHITRATE: 16.0 DHITRATE: 40.2
/u/k/a/karu/courses/cs552/spring2013/handouts/testprograms/public/rand_final/t_121_all.asm SUCCESS CPI:7.1 CYCLES:2315 ICOUNT:327 IHITRATE: 14.1 DHITRATE: 11.2
/u/k/a/karu/courses/cs552/spring2013/handouts/testprograms/public/rand_final/t_122_all.asm SUCCESS CPI:6.8 CYCLES:2279 ICOUNT:335 IHITRATE: 14.4 DHITRATE: 12.9
/u/k/a/karu/courses/cs552/spring2013/handouts/testprograms/public/rand_final/t_123_all.asm SUCCESS CPI:6.4 CYCLES:3310 ICOUNT:515 IHITRATE: 14.6 DHITRATE: 10.4
/u/k/a/karu/courses/cs552/spring2013/handouts/testprograms/public/rand_final/t_124_all.asm SUCCESS CPI:6.3 CYCLES:2345 ICOUNT:371 IHITRATE: 15.0 DHITRATE: 11.3
/u/k/a/karu/courses/cs552/spring2013/handouts/testprograms/public/rand_final/t_125_all.asm SUCCESS CPI:6.8 CYCLES:3495 ICOUNT:514 IHITRATE: 15.1 DHITRATE: 7.2
/u/k/a/karu/courses/cs552/spring2013/handouts/testprograms/public/rand_final/t_126_all.asm SUCCESS CPI:6.2 CYCLES:3891 ICOUNT:623 IHITRATE: 15.1 DHITRATE: 8.3
/u/k/a/karu/courses/cs552/spring2013/handouts/testprograms/public/rand_final/t_127_all.asm SUCCESS CPI:6.2 CYCLES:2955 ICOUNT:473 IHITRATE: 14.9 DHITRATE: 14.5
/u/k/a/karu/courses/cs552/spring2013/handouts/testprograms/public/rand_final/t_128_all.asm SUCCESS CPI:6.9 CYCLES:3027 ICOUNT:440 IHITRATE: 13.9 DHITRATE: 10.9
/u/k/a/karu/courses/cs552/spring2013/handouts/testprograms/public/rand_final/t_129_all.asm SUCCESS CPI:6.6 CYCLES:2969 ICOUNT:450 IHITRATE: 15.0 DHITRATE: 13.2
/u/k/a/karu/courses/cs552/spring2013/handouts/testprograms/public/rand_final/t_12_mem.asm SUCCESS CPI:9.0 CYCLES:12778 ICOUNT:1426 IHITRATE: 16.0 DHITRATE: 40.5
/u/k/a/karu/courses/cs552/spring2013/handouts/testprograms/public/rand_final/t_130_all.asm SUCCESS CPI:6.0 CYCLES:4020 ICOUNT:667 IHITRATE: 15.4 DHITRATE: 13.6
/u/k/a/karu/courses/cs552/spring2013/handouts/testprograms/public/rand_final/t_131_all.asm SUCCESS CPI:6.1 CYCLES:3468 ICOUNT:570 IHITRATE: 15.2 DHITRATE: 21.7
/u/k/a/karu/courses/cs552/spring2013/handouts/testprograms/public/rand_final/t_132_all.asm SUCCESS CPI:6.3 CYCLES:3084 ICOUNT:489 IHITRATE: 15.0 DHITRATE: 10.7
/u/k/a/karu/courses/cs552/spring2013/handouts/testprograms/public/rand_final/t_133_all.asm SUCCESS CPI:6.3 CYCLES:2908 ICOUNT:462 IHITRATE: 15.2 DHITRATE: 10.8
/u/k/a/karu/courses/cs552/spring2013/handouts/testprograms/public/rand_final/t_134_all.asm SUCCESS CPI:6.3 CYCLES:3095 ICOUNT:495 IHITRATE: 15.4 DHITRATE: 12.4
/u/k/a/karu/courses/cs552/spring2013/handouts/testprograms/public/rand_final/t_135_all.asm SUCCESS CPI:6.1 CYCLES:3836 ICOUNT:625 IHITRATE: 15.3 DHITRATE: 11.3
/u/k/a/karu/courses/cs552/spring2013/handouts/testprograms/public/rand_final/t_136_all.asm SUCCESS CPI:6.5 CYCLES:2826 ICOUNT:433 IHITRATE: 14.9 DHITRATE: 12.9
/u/k/a/karu/courses/cs552/spring2013/handouts/testprograms/public/rand_final/t_137_all.asm SUCCESS CPI:6.2 CYCLES:3426 ICOUNT:555 IHITRATE: 15.1 DHITRATE: 11.4
/u/k/a/karu/courses/cs552/spring2013/handouts/testprograms/public/rand_final/t_138_all.asm SUCCESS CPI:6.3 CYCLES:3993 ICOUNT:637 IHITRATE: 14.9 DHITRATE: 15.1
/u/k/a/karu/courses/cs552/spring2013/handouts/testprograms/public/rand_final/t_139_all.asm SUCCESS CPI:7.0 CYCLES:2637 ICOUNT:379 IHITRATE: 13.6 DHITRATE: 7.2
/u/k/a/karu/courses/cs552/spring2013/handouts/testprograms/public/rand_final/t_13_mem.asm SUCCESS CPI:8.8 CYCLES:12791 ICOUNT:1455 IHITRATE: 16.0 DHITRATE: 38.9
/u/k/a/karu/courses/cs552/spring2013/handouts/testprograms/public/rand_final/t_140_all.asm SUCCESS CPI:6.3 CYCLES:2637 ICOUNT:418 IHITRATE: 14.7 DHITRATE: 10.9
/u/k/a/karu/courses/cs552/spring2013/handouts/testprograms/public/rand_final/t_141_all.asm SUCCESS CPI:5.9 CYCLES:3039 ICOUNT:511 IHITRATE: 15.5 DHITRATE: 22.8
/u/k/a/karu/courses/cs552/spring2013/handouts/testprograms/public/rand_final/t_142_all.asm SUCCESS CPI:6.4 CYCLES:2597 ICOUNT:404 IHITRATE: 14.9 DHITRATE: 14.9
/u/k/a/karu/courses/cs552/spring2013/handouts/testprograms/public/rand_final/t_143_all.asm SUCCESS CPI:6.0 CYCLES:3139 ICOUNT:526 IHITRATE: 15.2 DHITRATE: 13.5
/u/k/a/karu/courses/cs552/spring2013/handouts/testprograms/public/rand_final/t_144_all.asm SUCCESS CPI:6.7 CYCLES:2958 ICOUNT:442 IHITRATE: 14.4 DHITRATE: 8.8
/u/k/a/karu/courses/cs552/spring2013/handouts/testprograms/public/rand_final/t_145_all.asm SUCCESS CPI:6.3 CYCLES:2874 ICOUNT:456 IHITRATE: 15.1 DHITRATE: 10.7
/u/k/a/karu/courses/cs552/spring2013/handouts/testprograms/public/rand_final/t_146_all.asm SUCCESS CPI:6.2 CYCLES:3916 ICOUNT:630 IHITRATE: 15.2 DHITRATE: 15.1
/u/k/a/karu/courses/cs552/spring2013/handouts/testprograms/public/rand_final/t_147_all.asm SUCCESS CPI:6.2 CYCLES:2844 ICOUNT:458 IHITRATE: 14.9 DHITRATE: 14.9
/u/k/a/karu/courses/cs552/spring2013/handouts/testprograms/public/rand_final/t_148_all.asm SUCCESS CPI:6.4 CYCLES:3011 ICOUNT:471 IHITRATE: 14.9 DHITRATE: 14.8
/u/k/a/karu/courses/cs552/spring2013/handouts/testprograms/public/rand_final/t_149_all.asm SUCCESS CPI:6.2 CYCLES:2871 ICOUNT:465 IHITRATE: 15.2 DHITRATE: 11.9
/u/k/a/karu/courses/cs552/spring2013/handouts/testprograms/public/rand_final/t_14_mem.asm SUCCESS CPI:9.2 CYCLES:12682 ICOUNT:1385 IHITRATE: 16.0 DHITRATE: 35.6
/u/k/a/karu/courses/cs552/spring2013/handouts/testprograms/public/rand_final/t_150_all.asm SUCCESS CPI:6.5 CYCLES:3395 ICOUNT:524 IHITRATE: 14.4 DHITRATE: 15.8
/u/k/a/karu/courses/cs552/spring2013/handouts/testprograms/public/rand_final/t_15_mem.asm SUCCESS CPI:8.8 CYCLES:12839 ICOUNT:1459 IHITRATE: 15.9 DHITRATE: 41.7
/u/k/a/karu/courses/cs552/spring2013/handouts/testprograms/public/rand_final/t_16_mem.asm SUCCESS CPI:8.7 CYCLES:12800 ICOUNT:1466 IHITRATE: 16.0 DHITRATE: 41.3
/u/k/a/karu/courses/cs552/spring2013/handouts/testprograms/public/rand_final/t_17_mem.asm SUCCESS CPI:8.6 CYCLES:13034 ICOUNT:1515 IHITRATE: 16.1 DHITRATE: 38.6
/u/k/a/karu/courses/cs552/spring2013/handouts/testprograms/public/rand_final/t_18_mem.asm SUCCESS CPI:8.9 CYCLES:12661 ICOUNT:1423 IHITRATE: 16.0 DHITRATE: 37.5
/u/k/a/karu/courses/cs552/spring2013/handouts/testprograms/public/rand_final/t_19_mem.asm SUCCESS CPI:8.9 CYCLES:12516 ICOUNT:1400 IHITRATE: 16.0 DHITRATE: 39.4
